0 info it worked if it ends with ok
1 verbose cli [ 'C:\\Program Files\\nodejs\\node.exe',
1 verbose cli   'C:\\Program Files\\nodejs\\node_modules\\npm\\bin\\npm-cli.js',
1 verbose cli   'shrinkwrap' ]
2 info using npm@4.1.2
3 info using node@v7.7.3
4 info lifecycle react-webpack-starter@1.0.0~preshrinkwrap: react-webpack-starter@1.0.0
5 silly lifecycle react-webpack-starter@1.0.0~preshrinkwrap: no script for preshrinkwrap, continuing
6 info lifecycle react-webpack-starter@1.0.0~shrinkwrap: react-webpack-starter@1.0.0
7 silly lifecycle react-webpack-starter@1.0.0~shrinkwrap: no script for shrinkwrap, continuing
8 verbose stack Error: Problems were encountered
8 verbose stack Please correct and try again.
8 verbose stack extraneous: 0g@1.0.2 G:\GIT\react-webpack-starter\node_modules\0g
8 verbose stack extraneous: archy@1.0.0 G:\GIT\react-webpack-starter\node_modules\archy
8 verbose stack extraneous: array-differ@1.0.0 G:\GIT\react-webpack-starter\node_modules\array-differ
8 verbose stack extraneous: array-uniq@1.0.3 G:\GIT\react-webpack-starter\node_modules\array-uniq
8 verbose stack extraneous: beeper@1.1.1 G:\GIT\react-webpack-starter\node_modules\beeper
8 verbose stack extraneous: clone-stats@0.0.1 G:\GIT\react-webpack-starter\node_modules\clone-stats
8 verbose stack extraneous: dateformat@2.0.0 G:\GIT\react-webpack-starter\node_modules\dateformat
8 verbose stack extraneous: defaults@1.0.3 G:\GIT\react-webpack-starter\node_modules\defaults
8 verbose stack extraneous: deprecated@0.0.1 G:\GIT\react-webpack-starter\node_modules\deprecated
8 verbose stack extraneous: detect-file@0.1.0 G:\GIT\react-webpack-starter\node_modules\detect-file
8 verbose stack extraneous: duplexer2@0.0.2 G:\GIT\react-webpack-starter\node_modules\duplexer2
8 verbose stack extraneous: end-of-stream@0.1.5 G:\GIT\react-webpack-starter\node_modules\end-of-stream
8 verbose stack extraneous: expand-tilde@1.2.2 G:\GIT\react-webpack-starter\node_modules\expand-tilde
8 verbose stack extraneous: fancy-log@1.3.0 G:\GIT\react-webpack-starter\node_modules\fancy-log
8 verbose stack extraneous: find-index@0.1.1 G:\GIT\react-webpack-starter\node_modules\find-index
8 verbose stack extraneous: findup-sync@0.4.3 G:\GIT\react-webpack-starter\node_modules\findup-sync
8 verbose stack extraneous: fined@1.0.2 G:\GIT\react-webpack-starter\node_modules\fined
8 verbose stack extraneous: first-chunk-stream@1.0.0 G:\GIT\react-webpack-starter\node_modules\first-chunk-stream
8 verbose stack extraneous: flagged-respawn@0.3.2 G:\GIT\react-webpack-starter\node_modules\flagged-respawn
8 verbose stack extraneous: fs-exists-sync@0.1.0 G:\GIT\react-webpack-starter\node_modules\fs-exists-sync
8 verbose stack extraneous: gaze@0.5.2 G:\GIT\react-webpack-starter\node_modules\gaze
8 verbose stack extraneous: glob@4.5.3 G:\GIT\react-webpack-starter\node_modules\glob
8 verbose stack extraneous: glob-stream@3.1.18 G:\GIT\react-webpack-starter\node_modules\glob-stream
8 verbose stack extraneous: readable-stream@1.0.34 G:\GIT\react-webpack-starter\node_modules\glob-stream\node_modules\readable-stream
8 verbose stack extraneous: through2@0.6.5 G:\GIT\react-webpack-starter\node_modules\glob-stream\node_modules\through2
8 verbose stack extraneous: glob-watcher@0.0.6 G:\GIT\react-webpack-starter\node_modules\glob-watcher
8 verbose stack extraneous: glob2base@0.0.12 G:\GIT\react-webpack-starter\node_modules\glob2base
8 verbose stack extraneous: global-modules@0.2.3 G:\GIT\react-webpack-starter\node_modules\global-modules
8 verbose stack extraneous: global-prefix@0.1.5 G:\GIT\react-webpack-starter\node_modules\global-prefix
8 verbose stack extraneous: globule@0.1.0 G:\GIT\react-webpack-starter\node_modules\globule
8 verbose stack extraneous: glob@3.1.21 G:\GIT\react-webpack-starter\node_modules\globule\node_modules\glob
8 verbose stack extraneous: graceful-fs@1.2.3 G:\GIT\react-webpack-starter\node_modules\globule\node_modules\graceful-fs
8 verbose stack extraneous: inherits@1.0.2 G:\GIT\react-webpack-starter\node_modules\globule\node_modules\inherits
8 verbose stack extraneous: minimatch@0.2.14 G:\GIT\react-webpack-starter\node_modules\globule\node_modules\minimatch
8 verbose stack extraneous: glogg@1.0.0 G:\GIT\react-webpack-starter\node_modules\glogg
8 verbose stack extraneous: graceful-fs@3.0.11 G:\GIT\react-webpack-starter\node_modules\graceful-fs
8 verbose stack extraneous: gulp@3.9.1 G:\GIT\react-webpack-starter\node_modules\gulp
8 verbose stack extraneous: gulp-util@3.0.8 G:\GIT\react-webpack-starter\node_modules\gulp-util
8 verbose stack extraneous: gulplog@1.0.0 G:\GIT\react-webpack-starter\node_modules\gulplog
8 verbose stack extraneous: has-gulplog@0.1.0 G:\GIT\react-webpack-starter\node_modules\has-gulplog
8 verbose stack extraneous: homedir-polyfill@1.0.1 G:\GIT\react-webpack-starter\node_modules\homedir-polyfill
8 verbose stack extraneous: ini@1.3.4 G:\GIT\react-webpack-starter\node_modules\ini
8 verbose stack extraneous: is-absolute@0.2.6 G:\GIT\react-webpack-starter\node_modules\is-absolute
8 verbose stack extraneous: is-relative@0.2.1 G:\GIT\react-webpack-starter\node_modules\is-relative
8 verbose stack extraneous: is-unc-path@0.1.2 G:\GIT\react-webpack-starter\node_modules\is-unc-path
8 verbose stack extraneous: is-windows@0.2.0 G:\GIT\react-webpack-starter\node_modules\is-windows
8 verbose stack extraneous: liftoff@2.3.0 G:\GIT\react-webpack-starter\node_modules\liftoff
8 verbose stack extraneous: lodash@1.0.2 G:\GIT\react-webpack-starter\node_modules\lodash
8 verbose stack extraneous: lodash._basecopy@3.0.1 G:\GIT\react-webpack-starter\node_modules\lodash._basecopy
8 verbose stack extraneous: lodash._basetostring@3.0.1 G:\GIT\react-webpack-starter\node_modules\lodash._basetostring
8 verbose stack extraneous: lodash._basevalues@3.0.0 G:\GIT\react-webpack-starter\node_modules\lodash._basevalues
8 verbose stack extraneous: lodash._getnative@3.9.1 G:\GIT\react-webpack-starter\node_modules\lodash._getnative
8 verbose stack extraneous: lodash._isiterateecall@3.0.9 G:\GIT\react-webpack-starter\node_modules\lodash._isiterateecall
8 verbose stack extraneous: lodash._reescape@3.0.0 G:\GIT\react-webpack-starter\node_modules\lodash._reescape
8 verbose stack extraneous: lodash._reevaluate@3.0.0 G:\GIT\react-webpack-starter\node_modules\lodash._reevaluate
8 verbose stack extraneous: lodash._reinterpolate@3.0.0 G:\GIT\react-webpack-starter\node_modules\lodash._reinterpolate
8 verbose stack extraneous: lodash._root@3.0.1 G:\GIT\react-webpack-starter\node_modules\lodash._root
8 verbose stack extraneous: lodash.assignwith@4.2.0 G:\GIT\react-webpack-starter\node_modules\lodash.assignwith
8 verbose stack extraneous: lodash.escape@3.2.0 G:\GIT\react-webpack-starter\node_modules\lodash.escape
8 verbose stack extraneous: lodash.isarguments@3.1.0 G:\GIT\react-webpack-starter\node_modules\lodash.isarguments
8 verbose stack extraneous: lodash.isarray@3.0.4 G:\GIT\react-webpack-starter\node_modules\lodash.isarray
8 verbose stack extraneous: lodash.isempty@4.4.0 G:\GIT\react-webpack-starter\node_modules\lodash.isempty
8 verbose stack extraneous: lodash.isplainobject@4.0.6 G:\GIT\react-webpack-starter\node_modules\lodash.isplainobject
8 verbose stack extraneous: lodash.isstring@4.0.1 G:\GIT\react-webpack-starter\node_modules\lodash.isstring
8 verbose stack extraneous: lodash.keys@3.1.2 G:\GIT\react-webpack-starter\node_modules\lodash.keys
8 verbose stack extraneous: lodash.mapvalues@4.6.0 G:\GIT\react-webpack-starter\node_modules\lodash.mapvalues
8 verbose stack extraneous: lodash.pick@4.4.0 G:\GIT\react-webpack-starter\node_modules\lodash.pick
8 verbose stack extraneous: lodash.restparam@3.6.1 G:\GIT\react-webpack-starter\node_modules\lodash.restparam
8 verbose stack extraneous: lodash.template@3.6.2 G:\GIT\react-webpack-starter\node_modules\lodash.template
8 verbose stack extraneous: lodash.templatesettings@3.1.1 G:\GIT\react-webpack-starter\node_modules\lodash.templatesettings
8 verbose stack extraneous: lru-cache@2.7.3 G:\GIT\react-webpack-starter\node_modules\lru-cache
8 verbose stack extraneous: map-cache@0.2.2 G:\GIT\react-webpack-starter\node_modules\map-cache
8 verbose stack extraneous: minimatch@2.0.10 G:\GIT\react-webpack-starter\node_modules\minimatch
8 verbose stack extraneous: multipipe@0.1.2 G:\GIT\react-webpack-starter\node_modules\multipipe
8 verbose stack extraneous: natives@1.1.0 G:\GIT\react-webpack-starter\node_modules\natives
8 verbose stack extraneous: object-assign@3.0.0 G:\GIT\react-webpack-starter\node_modules\object-assign
8 verbose stack extraneous: orchestrator@0.3.8 G:\GIT\react-webpack-starter\node_modules\orchestrator
8 verbose stack extraneous: ordered-read-streams@0.1.0 G:\GIT\react-webpack-starter\node_modules\ordered-read-streams
8 verbose stack extraneous: parse-filepath@1.0.1 G:\GIT\react-webpack-starter\node_modules\parse-filepath
8 verbose stack extraneous: parse-passwd@1.0.0 G:\GIT\react-webpack-starter\node_modules\parse-passwd
8 verbose stack extraneous: path-parse@1.0.5 G:\GIT\react-webpack-starter\node_modules\path-parse
8 verbose stack extraneous: path-root@0.1.1 G:\GIT\react-webpack-starter\node_modules\path-root
8 verbose stack extraneous: path-root-regex@0.1.2 G:\GIT\react-webpack-starter\node_modules\path-root-regex
8 verbose stack extraneous: pretty-hrtime@1.0.3 G:\GIT\react-webpack-starter\node_modules\pretty-hrtime
8 verbose stack extraneous: rechoir@0.6.2 G:\GIT\react-webpack-starter\node_modules\rechoir
8 verbose stack extraneous: replace-ext@0.0.1 G:\GIT\react-webpack-starter\node_modules\replace-ext
8 verbose stack extraneous: resolve@1.3.2 G:\GIT\react-webpack-starter\node_modules\resolve
8 verbose stack extraneous: resolve-dir@0.1.1 G:\GIT\react-webpack-starter\node_modules\resolve-dir
8 verbose stack extraneous: sequencify@0.0.7 G:\GIT\react-webpack-starter\node_modules\sequencify
8 verbose stack extraneous: sigmund@1.0.1 G:\GIT\react-webpack-starter\node_modules\sigmund
8 verbose stack extraneous: sparkles@1.0.0 G:\GIT\react-webpack-starter\node_modules\sparkles
8 verbose stack extraneous: stream-consume@0.1.0 G:\GIT\react-webpack-starter\node_modules\stream-consume
8 verbose stack extraneous: strip-bom@1.0.0 G:\GIT\react-webpack-starter\node_modules\strip-bom
8 verbose stack extraneous: through2@2.0.3 G:\GIT\react-webpack-starter\node_modules\through2
8 verbose stack extraneous: isarray@1.0.0 G:\GIT\react-webpack-starter\node_modules\through2\node_modules\isarray
8 verbose stack extraneous: readable-stream@2.2.5 G:\GIT\react-webpack-starter\node_modules\through2\node_modules\readable-stream
8 verbose stack extraneous: tildify@1.2.0 G:\GIT\react-webpack-starter\node_modules\tildify
8 verbose stack extraneous: time-stamp@1.0.1 G:\GIT\react-webpack-starter\node_modules\time-stamp
8 verbose stack extraneous: unc-path-regex@0.1.2 G:\GIT\react-webpack-starter\node_modules\unc-path-regex
8 verbose stack extraneous: unique-stream@1.0.0 G:\GIT\react-webpack-starter\node_modules\unique-stream
8 verbose stack extraneous: user-home@1.1.1 G:\GIT\react-webpack-starter\node_modules\user-home
8 verbose stack extraneous: v8flags@2.0.11 G:\GIT\react-webpack-starter\node_modules\v8flags
8 verbose stack extraneous: vinyl@0.5.3 G:\GIT\react-webpack-starter\node_modules\vinyl
8 verbose stack extraneous: vinyl-fs@0.3.14 G:\GIT\react-webpack-starter\node_modules\vinyl-fs
8 verbose stack extraneous: clone@0.2.0 G:\GIT\react-webpack-starter\node_modules\vinyl-fs\node_modules\clone
8 verbose stack extraneous: readable-stream@1.0.34 G:\GIT\react-webpack-starter\node_modules\vinyl-fs\node_modules\readable-stream
8 verbose stack extraneous: through2@0.6.5 G:\GIT\react-webpack-starter\node_modules\vinyl-fs\node_modules\through2
8 verbose stack extraneous: vinyl@0.4.6 G:\GIT\react-webpack-starter\node_modules\vinyl-fs\node_modules\vinyl
8 verbose stack     at shrinkwrap_ (C:\Program Files\nodejs\node_modules\npm\lib\shrinkwrap.js:128:15)
8 verbose stack     at Array.<anonymous> (C:\Program Files\nodejs\node_modules\npm\node_modules\slide\lib\bind-actor.js:15:8)
8 verbose stack     at LOOP (C:\Program Files\nodejs\node_modules\npm\node_modules\slide\lib\chain.js:15:14)
8 verbose stack     at C:\Program Files\nodejs\node_modules\npm\node_modules\slide\lib\chain.js:18:7
8 verbose stack     at done (C:\Program Files\nodejs\node_modules\npm\lib\utils\lifecycle.js:132:5)
8 verbose stack     at LOOP (C:\Program Files\nodejs\node_modules\npm\node_modules\slide\lib\chain.js:7:26)
8 verbose stack     at C:\Program Files\nodejs\node_modules\npm\node_modules\slide\lib\chain.js:18:7
8 verbose stack     at C:\Program Files\nodejs\node_modules\npm\lib\utils\lifecycle.js:318:20
8 verbose stack     at C:\Program Files\nodejs\node_modules\npm\node_modules\graceful-fs\polyfills.js:284:29
8 verbose stack     at FSReqWrap.oncomplete (fs.js:114:15)
9 verbose cwd G:\GIT\react-webpack-starter
10 error Windows_NT 10.0.14393
11 error argv "C:\\Program Files\\nodejs\\node.exe" "C:\\Program Files\\nodejs\\node_modules\\npm\\bin\\npm-cli.js" "shrinkwrap"
12 error node v7.7.3
13 error npm  v4.1.2
14 error Problems were encountered
14 error Please correct and try again.
14 error extraneous: 0g@1.0.2 G:\GIT\react-webpack-starter\node_modules\0g
14 error extraneous: archy@1.0.0 G:\GIT\react-webpack-starter\node_modules\archy
14 error extraneous: array-differ@1.0.0 G:\GIT\react-webpack-starter\node_modules\array-differ
14 error extraneous: array-uniq@1.0.3 G:\GIT\react-webpack-starter\node_modules\array-uniq
14 error extraneous: beeper@1.1.1 G:\GIT\react-webpack-starter\node_modules\beeper
14 error extraneous: clone-stats@0.0.1 G:\GIT\react-webpack-starter\node_modules\clone-stats
14 error extraneous: dateformat@2.0.0 G:\GIT\react-webpack-starter\node_modules\dateformat
14 error extraneous: defaults@1.0.3 G:\GIT\react-webpack-starter\node_modules\defaults
14 error extraneous: deprecated@0.0.1 G:\GIT\react-webpack-starter\node_modules\deprecated
14 error extraneous: detect-file@0.1.0 G:\GIT\react-webpack-starter\node_modules\detect-file
14 error extraneous: duplexer2@0.0.2 G:\GIT\react-webpack-starter\node_modules\duplexer2
14 error extraneous: end-of-stream@0.1.5 G:\GIT\react-webpack-starter\node_modules\end-of-stream
14 error extraneous: expand-tilde@1.2.2 G:\GIT\react-webpack-starter\node_modules\expand-tilde
14 error extraneous: fancy-log@1.3.0 G:\GIT\react-webpack-starter\node_modules\fancy-log
14 error extraneous: find-index@0.1.1 G:\GIT\react-webpack-starter\node_modules\find-index
14 error extraneous: findup-sync@0.4.3 G:\GIT\react-webpack-starter\node_modules\findup-sync
14 error extraneous: fined@1.0.2 G:\GIT\react-webpack-starter\node_modules\fined
14 error extraneous: first-chunk-stream@1.0.0 G:\GIT\react-webpack-starter\node_modules\first-chunk-stream
14 error extraneous: flagged-respawn@0.3.2 G:\GIT\react-webpack-starter\node_modules\flagged-respawn
14 error extraneous: fs-exists-sync@0.1.0 G:\GIT\react-webpack-starter\node_modules\fs-exists-sync
14 error extraneous: gaze@0.5.2 G:\GIT\react-webpack-starter\node_modules\gaze
14 error extraneous: glob@4.5.3 G:\GIT\react-webpack-starter\node_modules\glob
14 error extraneous: glob-stream@3.1.18 G:\GIT\react-webpack-starter\node_modules\glob-stream
14 error extraneous: readable-stream@1.0.34 G:\GIT\react-webpack-starter\node_modules\glob-stream\node_modules\readable-stream
14 error extraneous: through2@0.6.5 G:\GIT\react-webpack-starter\node_modules\glob-stream\node_modules\through2
14 error extraneous: glob-watcher@0.0.6 G:\GIT\react-webpack-starter\node_modules\glob-watcher
14 error extraneous: glob2base@0.0.12 G:\GIT\react-webpack-starter\node_modules\glob2base
14 error extraneous: global-modules@0.2.3 G:\GIT\react-webpack-starter\node_modules\global-modules
14 error extraneous: global-prefix@0.1.5 G:\GIT\react-webpack-starter\node_modules\global-prefix
14 error extraneous: globule@0.1.0 G:\GIT\react-webpack-starter\node_modules\globule
14 error extraneous: glob@3.1.21 G:\GIT\react-webpack-starter\node_modules\globule\node_modules\glob
14 error extraneous: graceful-fs@1.2.3 G:\GIT\react-webpack-starter\node_modules\globule\node_modules\graceful-fs
14 error extraneous: inherits@1.0.2 G:\GIT\react-webpack-starter\node_modules\globule\node_modules\inherits
14 error extraneous: minimatch@0.2.14 G:\GIT\react-webpack-starter\node_modules\globule\node_modules\minimatch
14 error extraneous: glogg@1.0.0 G:\GIT\react-webpack-starter\node_modules\glogg
14 error extraneous: graceful-fs@3.0.11 G:\GIT\react-webpack-starter\node_modules\graceful-fs
14 error extraneous: gulp@3.9.1 G:\GIT\react-webpack-starter\node_modules\gulp
14 error extraneous: gulp-util@3.0.8 G:\GIT\react-webpack-starter\node_modules\gulp-util
14 error extraneous: gulplog@1.0.0 G:\GIT\react-webpack-starter\node_modules\gulplog
14 error extraneous: has-gulplog@0.1.0 G:\GIT\react-webpack-starter\node_modules\has-gulplog
14 error extraneous: homedir-polyfill@1.0.1 G:\GIT\react-webpack-starter\node_modules\homedir-polyfill
14 error extraneous: ini@1.3.4 G:\GIT\react-webpack-starter\node_modules\ini
14 error extraneous: is-absolute@0.2.6 G:\GIT\react-webpack-starter\node_modules\is-absolute
14 error extraneous: is-relative@0.2.1 G:\GIT\react-webpack-starter\node_modules\is-relative
14 error extraneous: is-unc-path@0.1.2 G:\GIT\react-webpack-starter\node_modules\is-unc-path
14 error extraneous: is-windows@0.2.0 G:\GIT\react-webpack-starter\node_modules\is-windows
14 error extraneous: liftoff@2.3.0 G:\GIT\react-webpack-starter\node_modules\liftoff
14 error extraneous: lodash@1.0.2 G:\GIT\react-webpack-starter\node_modules\lodash
14 error extraneous: lodash._basecopy@3.0.1 G:\GIT\react-webpack-starter\node_modules\lodash._basecopy
14 error extraneous: lodash._basetostring@3.0.1 G:\GIT\react-webpack-starter\node_modules\lodash._basetostring
14 error extraneous: lodash._basevalues@3.0.0 G:\GIT\react-webpack-starter\node_modules\lodash._basevalues
14 error extraneous: lodash._getnative@3.9.1 G:\GIT\react-webpack-starter\node_modules\lodash._getnative
14 error extraneous: lodash._isiterateecall@3.0.9 G:\GIT\react-webpack-starter\node_modules\lodash._isiterateecall
14 error extraneous: lodash._reescape@3.0.0 G:\GIT\react-webpack-starter\node_modules\lodash._reescape
14 error extraneous: lodash._reevaluate@3.0.0 G:\GIT\react-webpack-starter\node_modules\lodash._reevaluate
14 error extraneous: lodash._reinterpolate@3.0.0 G:\GIT\react-webpack-starter\node_modules\lodash._reinterpolate
14 error extraneous: lodash._root@3.0.1 G:\GIT\react-webpack-starter\node_modules\lodash._root
14 error extraneous: lodash.assignwith@4.2.0 G:\GIT\react-webpack-starter\node_modules\lodash.assignwith
14 error extraneous: lodash.escape@3.2.0 G:\GIT\react-webpack-starter\node_modules\lodash.escape
14 error extraneous: lodash.isarguments@3.1.0 G:\GIT\react-webpack-starter\node_modules\lodash.isarguments
14 error extraneous: lodash.isarray@3.0.4 G:\GIT\react-webpack-starter\node_modules\lodash.isarray
14 error extraneous: lodash.isempty@4.4.0 G:\GIT\react-webpack-starter\node_modules\lodash.isempty
14 error extraneous: lodash.isplainobject@4.0.6 G:\GIT\react-webpack-starter\node_modules\lodash.isplainobject
14 error extraneous: lodash.isstring@4.0.1 G:\GIT\react-webpack-starter\node_modules\lodash.isstring
14 error extraneous: lodash.keys@3.1.2 G:\GIT\react-webpack-starter\node_modules\lodash.keys
14 error extraneous: lodash.mapvalues@4.6.0 G:\GIT\react-webpack-starter\node_modules\lodash.mapvalues
14 error extraneous: lodash.pick@4.4.0 G:\GIT\react-webpack-starter\node_modules\lodash.pick
14 error extraneous: lodash.restparam@3.6.1 G:\GIT\react-webpack-starter\node_modules\lodash.restparam
14 error extraneous: lodash.template@3.6.2 G:\GIT\react-webpack-starter\node_modules\lodash.template
14 error extraneous: lodash.templatesettings@3.1.1 G:\GIT\react-webpack-starter\node_modules\lodash.templatesettings
14 error extraneous: lru-cache@2.7.3 G:\GIT\react-webpack-starter\node_modules\lru-cache
14 error extraneous: map-cache@0.2.2 G:\GIT\react-webpack-starter\node_modules\map-cache
14 error extraneous: minimatch@2.0.10 G:\GIT\react-webpack-starter\node_modules\minimatch
14 error extraneous: multipipe@0.1.2 G:\GIT\react-webpack-starter\node_modules\multipipe
14 error extraneous: natives@1.1.0 G:\GIT\react-webpack-starter\node_modules\natives
14 error extraneous: object-assign@3.0.0 G:\GIT\react-webpack-starter\node_modules\object-assign
14 error extraneous: orchestrator@0.3.8 G:\GIT\react-webpack-starter\node_modules\orchestrator
14 error extraneous: ordered-read-streams@0.1.0 G:\GIT\react-webpack-starter\node_modules\ordered-read-streams
14 error extraneous: parse-filepath@1.0.1 G:\GIT\react-webpack-starter\node_modules\parse-filepath
14 error extraneous: parse-passwd@1.0.0 G:\GIT\react-webpack-starter\node_modules\parse-passwd
14 error extraneous: path-parse@1.0.5 G:\GIT\react-webpack-starter\node_modules\path-parse
14 error extraneous: path-root@0.1.1 G:\GIT\react-webpack-starter\node_modules\path-root
14 error extraneous: path-root-regex@0.1.2 G:\GIT\react-webpack-starter\node_modules\path-root-regex
14 error extraneous: pretty-hrtime@1.0.3 G:\GIT\react-webpack-starter\node_modules\pretty-hrtime
14 error extraneous: rechoir@0.6.2 G:\GIT\react-webpack-starter\node_modules\rechoir
14 error extraneous: replace-ext@0.0.1 G:\GIT\react-webpack-starter\node_modules\replace-ext
14 error extraneous: resolve@1.3.2 G:\GIT\react-webpack-starter\node_modules\resolve
14 error extraneous: resolve-dir@0.1.1 G:\GIT\react-webpack-starter\node_modules\resolve-dir
14 error extraneous: sequencify@0.0.7 G:\GIT\react-webpack-starter\node_modules\sequencify
14 error extraneous: sigmund@1.0.1 G:\GIT\react-webpack-starter\node_modules\sigmund
14 error extraneous: sparkles@1.0.0 G:\GIT\react-webpack-starter\node_modules\sparkles
14 error extraneous: stream-consume@0.1.0 G:\GIT\react-webpack-starter\node_modules\stream-consume
14 error extraneous: strip-bom@1.0.0 G:\GIT\react-webpack-starter\node_modules\strip-bom
14 error extraneous: through2@2.0.3 G:\GIT\react-webpack-starter\node_modules\through2
14 error extraneous: isarray@1.0.0 G:\GIT\react-webpack-starter\node_modules\through2\node_modules\isarray
14 error extraneous: readable-stream@2.2.5 G:\GIT\react-webpack-starter\node_modules\through2\node_modules\readable-stream
14 error extraneous: tildify@1.2.0 G:\GIT\react-webpack-starter\node_modules\tildify
14 error extraneous: time-stamp@1.0.1 G:\GIT\react-webpack-starter\node_modules\time-stamp
14 error extraneous: unc-path-regex@0.1.2 G:\GIT\react-webpack-starter\node_modules\unc-path-regex
14 error extraneous: unique-stream@1.0.0 G:\GIT\react-webpack-starter\node_modules\unique-stream
14 error extraneous: user-home@1.1.1 G:\GIT\react-webpack-starter\node_modules\user-home
14 error extraneous: v8flags@2.0.11 G:\GIT\react-webpack-starter\node_modules\v8flags
14 error extraneous: vinyl@0.5.3 G:\GIT\react-webpack-starter\node_modules\vinyl
14 error extraneous: vinyl-fs@0.3.14 G:\GIT\react-webpack-starter\node_modules\vinyl-fs
14 error extraneous: clone@0.2.0 G:\GIT\react-webpack-starter\node_modules\vinyl-fs\node_modules\clone
14 error extraneous: readable-stream@1.0.34 G:\GIT\react-webpack-starter\node_modules\vinyl-fs\node_modules\readable-stream
14 error extraneous: through2@0.6.5 G:\GIT\react-webpack-starter\node_modules\vinyl-fs\node_modules\through2
14 error extraneous: vinyl@0.4.6 G:\GIT\react-webpack-starter\node_modules\vinyl-fs\node_modules\vinyl
15 error If you need help, you may report this error at:
15 error     <https://github.com/npm/npm/issues>
16 verbose exit [ 1, true ]
